mode: set
github.com/EasyPost/easypost-go/v5/address.go:110.99,112.2 1 1
github.com/EasyPost/easypost-go/v5/address.go:116.131,120.2 3 1
github.com/EasyPost/easypost-go/v5/address.go:123.87,125.2 1 1
github.com/EasyPost/easypost-go/v5/address.go:129.119,132.2 2 1
github.com/EasyPost/easypost-go/v5/address.go:135.104,137.2 1 1
github.com/EasyPost/easypost-go/v5/address.go:140.130,142.2 1 1
github.com/EasyPost/easypost-go/v5/address.go:146.136,148.2 1 1
github.com/EasyPost/easypost-go/v5/address.go:152.162,153.36 1 1
github.com/EasyPost/easypost-go/v5/address.go:153.36,156.3 2 1
github.com/EasyPost/easypost-go/v5/address.go:157.2,159.16 3 1
github.com/EasyPost/easypost-go/v5/address.go:159.16,161.3 1 0
github.com/EasyPost/easypost-go/v5/address.go:162.2,162.48 1 1
github.com/EasyPost/easypost-go/v5/address.go:166.76,168.2 1 1
github.com/EasyPost/easypost-go/v5/address.go:172.108,177.2 4 1
github.com/EasyPost/easypost-go/v5/address.go:180.73,182.2 1 1
github.com/EasyPost/easypost-go/v5/address.go:186.105,189.2 2 1
github.com/EasyPost/easypost-go/v5/address.go:192.108,194.2 1 1
github.com/EasyPost/easypost-go/v5/address.go:198.140,204.2 5 1
github.com/EasyPost/easypost-go/v5/api_key.go:25.57,27.2 1 1
github.com/EasyPost/easypost-go/v5/api_key.go:31.87,34.2 2 1
github.com/EasyPost/easypost-go/v5/api_key.go:37.77,39.2 1 1
github.com/EasyPost/easypost-go/v5/api_key.go:43.109,46.16 2 1
github.com/EasyPost/easypost-go/v5/api_key.go:46.16,48.3 1 0
github.com/EasyPost/easypost-go/v5/api_key.go:50.2,50.23 1 1
github.com/EasyPost/easypost-go/v5/api_key.go:50.23,52.3 1 1
github.com/EasyPost/easypost-go/v5/api_key.go:54.2,54.38 1 1
github.com/EasyPost/easypost-go/v5/api_key.go:54.38,55.25 1 1
github.com/EasyPost/easypost-go/v5/api_key.go:55.25,57.4 1 0
github.com/EasyPost/easypost-go/v5/api_key.go:60.2,60.49 1 1
github.com/EasyPost/easypost-go/v5/batch.go:57.71,59.2 1 1
github.com/EasyPost/easypost-go/v5/batch.go:63.103,67.2 3 1
github.com/EasyPost/easypost-go/v5/batch.go:70.85,72.2 1 1
github.com/EasyPost/easypost-go/v5/batch.go:76.117,79.2 2 1
github.com/EasyPost/easypost-go/v5/batch.go:85.102,87.2 1 1
github.com/EasyPost/easypost-go/v5/batch.go:92.134,96.2 3 1
github.com/EasyPost/easypost-go/v5/batch.go:100.107,102.2 1 1
github.com/EasyPost/easypost-go/v5/batch.go:107.139,111.2 3 1
github.com/EasyPost/easypost-go/v5/batch.go:115.67,117.2 1 1
github.com/EasyPost/easypost-go/v5/batch.go:121.99,124.2 2 1
github.com/EasyPost/easypost-go/v5/batch.go:127.67,129.2 1 1
github.com/EasyPost/easypost-go/v5/batch.go:133.99,136.2 2 1
github.com/EasyPost/easypost-go/v5/batch.go:140.81,142.2 1 1
github.com/EasyPost/easypost-go/v5/batch.go:146.113,152.2 3 1
github.com/EasyPost/easypost-go/v5/batch.go:155.87,157.2 1 1
github.com/EasyPost/easypost-go/v5/batch.go:162.119,168.2 3 1
github.com/EasyPost/easypost-go/v5/billing.go:9.82,11.2 1 1
github.com/EasyPost/easypost-go/v5/billing.go:15.114,19.2 3 1
github.com/EasyPost/easypost-go/v5/billing.go:22.88,24.2 1 1
github.com/EasyPost/easypost-go/v5/billing.go:28.120,39.2 6 1
github.com/EasyPost/easypost-go/v5/billing.go:42.75,44.2 1 1
github.com/EasyPost/easypost-go/v5/billing.go:48.105,51.18 2 1
github.com/EasyPost/easypost-go/v5/billing.go:51.18,53.3 1 0
github.com/EasyPost/easypost-go/v5/billing.go:55.2,55.8 1 1
github.com/EasyPost/easypost-go/v5/carrier.go:80.74,81.70 1 1
github.com/EasyPost/easypost-go/v5/carrier.go:81.70,82.21 1 1
github.com/EasyPost/easypost-go/v5/carrier.go:82.21,84.4 1 1
github.com/EasyPost/easypost-go/v5/carrier.go:87.2,87.54 1 1
github.com/EasyPost/easypost-go/v5/carrier.go:87.54,88.21 1 1
github.com/EasyPost/easypost-go/v5/carrier.go:88.21,90.4 1 1
github.com/EasyPost/easypost-go/v5/carrier.go:93.2,93.66 1 1
github.com/EasyPost/easypost-go/v5/carrier.go:93.66,94.21 1 1
github.com/EasyPost/easypost-go/v5/carrier.go:94.21,96.4 1 1
github.com/EasyPost/easypost-go/v5/carrier.go:99.2,99.27 1 1
github.com/EasyPost/easypost-go/v5/carrier.go:103.68,105.2 1 1
github.com/EasyPost/easypost-go/v5/carrier.go:108.98,111.2 2 1
github.com/EasyPost/easypost-go/v5/carrier.go:136.92,138.2 1 1
github.com/EasyPost/easypost-go/v5/carrier.go:142.124,144.54 1 1
github.com/EasyPost/easypost-go/v5/carrier.go:144.54,145.25 1 1
github.com/EasyPost/easypost-go/v5/carrier.go:145.25,147.4 1 1
github.com/EasyPost/easypost-go/v5/carrier.go:150.2,150.66 1 1
github.com/EasyPost/easypost-go/v5/carrier.go:150.66,151.25 1 1
github.com/EasyPost/easypost-go/v5/carrier.go:151.25,153.4 1 0
github.com/EasyPost/easypost-go/v5/carrier.go:156.2,159.8 4 1
github.com/EasyPost/easypost-go/v5/carrier.go:164.116,166.2 1 1
github.com/EasyPost/easypost-go/v5/carrier.go:170.148,173.54 2 1
github.com/EasyPost/easypost-go/v5/carrier.go:173.54,174.25 1 1
github.com/EasyPost/easypost-go/v5/carrier.go:174.25,176.9 2 1
github.com/EasyPost/easypost-go/v5/carrier.go:179.2,179.19 1 1
github.com/EasyPost/easypost-go/v5/carrier.go:179.19,181.3 1 1
github.com/EasyPost/easypost-go/v5/carrier.go:183.2,186.8 4 1
github.com/EasyPost/easypost-go/v5/carrier.go:191.97,193.2 1 1
github.com/EasyPost/easypost-go/v5/carrier.go:197.129,200.66 2 1
github.com/EasyPost/easypost-go/v5/carrier.go:200.66,201.25 1 1
github.com/EasyPost/easypost-go/v5/carrier.go:201.25,203.9 2 1
github.com/EasyPost/easypost-go/v5/carrier.go:206.2,206.21 1 1
github.com/EasyPost/easypost-go/v5/carrier.go:206.21,208.3 1 1
github.com/EasyPost/easypost-go/v5/carrier.go:210.2,213.8 4 1
github.com/EasyPost/easypost-go/v5/carrier.go:217.75,219.2 1 1
github.com/EasyPost/easypost-go/v5/carrier.go:222.105,225.2 2 1
github.com/EasyPost/easypost-go/v5/carrier.go:228.94,230.2 1 1
github.com/EasyPost/easypost-go/v5/carrier.go:233.126,236.2 2 1
github.com/EasyPost/easypost-go/v5/carrier.go:252.92,254.2 1 1
github.com/EasyPost/easypost-go/v5/carrier.go:258.124,260.16 2 1
github.com/EasyPost/easypost-go/v5/carrier.go:260.16,262.3 1 0
github.com/EasyPost/easypost-go/v5/carrier.go:265.2,265.54 1 1
github.com/EasyPost/easypost-go/v5/carrier.go:265.54,266.30 1 1
github.com/EasyPost/easypost-go/v5/carrier.go:266.30,268.4 1 1
github.com/EasyPost/easypost-go/v5/carrier.go:271.2,273.8 3 1
github.com/EasyPost/easypost-go/v5/carrier.go:278.125,280.2 1 1
github.com/EasyPost/easypost-go/v5/carrier.go:284.157,286.16 2 1
github.com/EasyPost/easypost-go/v5/carrier.go:286.16,288.3 1 0
github.com/EasyPost/easypost-go/v5/carrier.go:291.2,292.54 2 1
github.com/EasyPost/easypost-go/v5/carrier.go:292.54,293.30 1 1
github.com/EasyPost/easypost-go/v5/carrier.go:293.30,295.9 2 1
github.com/EasyPost/easypost-go/v5/carrier.go:298.2,298.19 1 1
github.com/EasyPost/easypost-go/v5/carrier.go:298.19,300.3 1 1
github.com/EasyPost/easypost-go/v5/carrier.go:302.2,304.8 3 1
github.com/EasyPost/easypost-go/v5/carrier.go:308.70,310.2 1 1
github.com/EasyPost/easypost-go/v5/carrier.go:313.102,315.2 1 1
github.com/EasyPost/easypost-go/v5/carrier_metadata.go:58.75,60.2 1 1
github.com/EasyPost/easypost-go/v5/carrier_metadata.go:63.104,65.2 1 0
github.com/EasyPost/easypost-go/v5/carrier_metadata.go:68.98,70.2 1 0
github.com/EasyPost/easypost-go/v5/carrier_metadata.go:73.128,75.2 1 1
github.com/EasyPost/easypost-go/v5/carrier_metadata.go:78.140,85.21 3 1
github.com/EasyPost/easypost-go/v5/carrier_metadata.go:85.21,87.3 1 1
github.com/EasyPost/easypost-go/v5/carrier_metadata.go:88.2,88.18 1 1
github.com/EasyPost/easypost-go/v5/carrier_metadata.go:88.18,90.3 1 1
github.com/EasyPost/easypost-go/v5/carrier_metadata.go:92.2,97.8 3 1
github.com/EasyPost/easypost-go/v5/claim.go:76.81,78.2 1 1
github.com/EasyPost/easypost-go/v5/claim.go:81.113,84.2 2 1
github.com/EasyPost/easypost-go/v5/claim.go:87.92,89.2 1 1
github.com/EasyPost/easypost-go/v5/claim.go:92.124,97.2 3 1
github.com/EasyPost/easypost-go/v5/claim.go:100.100,102.2 1 0
github.com/EasyPost/easypost-go/v5/claim.go:105.126,107.2 1 1
github.com/EasyPost/easypost-go/v5/claim.go:110.132,112.2 1 0
github.com/EasyPost/easypost-go/v5/claim.go:115.158,116.33 1 1
github.com/EasyPost/easypost-go/v5/claim.go:116.33,119.3 2 0
github.com/EasyPost/easypost-go/v5/claim.go:120.2,122.16 3 1
github.com/EasyPost/easypost-go/v5/claim.go:122.16,124.3 1 0
github.com/EasyPost/easypost-go/v5/claim.go:125.2,127.18 3 1
github.com/EasyPost/easypost-go/v5/claim.go:127.18,129.3 1 1
github.com/EasyPost/easypost-go/v5/claim.go:130.2,130.50 1 1
github.com/EasyPost/easypost-go/v5/claim.go:134.67,136.2 1 1
github.com/EasyPost/easypost-go/v5/claim.go:139.99,142.2 2 1
github.com/EasyPost/easypost-go/v5/claim.go:145.70,147.2 1 1
github.com/EasyPost/easypost-go/v5/claim.go:150.102,153.2 2 1
github.com/EasyPost/easypost-go/v5/client.go:26.13,32.2 2 1
github.com/EasyPost/easypost-go/v5/client.go:62.33,64.2 1 1
github.com/EasyPost/easypost-go/v5/client.go:66.37,67.22 1 1
github.com/EasyPost/easypost-go/v5/client.go:67.22,69.3 1 0
github.com/EasyPost/easypost-go/v5/client.go:70.2,70.19 1 1
github.com/EasyPost/easypost-go/v5/client.go:73.37,74.23 1 1
github.com/EasyPost/easypost-go/v5/client.go:74.23,76.3 1 0
github.com/EasyPost/easypost-go/v5/client.go:77.2,77.25 1 1
github.com/EasyPost/easypost-go/v5/client.go:80.42,83.20 2 1
github.com/EasyPost/easypost-go/v5/client.go:83.20,85.3 1 1
github.com/EasyPost/easypost-go/v5/client.go:86.2,86.50 1 1
github.com/EasyPost/easypost-go/v5/client.go:89.40,91.19 2 1
github.com/EasyPost/easypost-go/v5/client.go:91.19,93.3 1 0
github.com/EasyPost/easypost-go/v5/client.go:94.2,95.15 2 1
github.com/EasyPost/easypost-go/v5/client.go:98.77,99.20 1 1
github.com/EasyPost/easypost-go/v5/client.go:100.41,104.13 3 1
github.com/EasyPost/easypost-go/v5/client.go:106.57,109.17 2 1
github.com/EasyPost/easypost-go/v5/client.go:109.17,111.4 1 0
github.com/EasyPost/easypost-go/v5/client.go:112.3,113.47 2 1
github.com/EasyPost/easypost-go/v5/client.go:113.47,115.4 1 0
github.com/EasyPost/easypost-go/v5/client.go:116.3,121.13 3 1
github.com/EasyPost/easypost-go/v5/client.go:122.10,123.58 1 0
github.com/EasyPost/easypost-go/v5/client.go:127.106,128.20 1 1
github.com/EasyPost/easypost-go/v5/client.go:128.20,130.3 1 1
github.com/EasyPost/easypost-go/v5/client.go:132.2,139.53 3 1
github.com/EasyPost/easypost-go/v5/client.go:139.53,141.3 1 0
github.com/EasyPost/easypost-go/v5/client.go:143.2,144.16 2 1
github.com/EasyPost/easypost-go/v5/client.go:144.16,146.3 1 1
github.com/EasyPost/easypost-go/v5/client.go:148.2,164.61 6 1
github.com/EasyPost/easypost-go/v5/client.go:164.61,166.3 1 1
github.com/EasyPost/easypost-go/v5/client.go:168.2,168.29 1 1
github.com/EasyPost/easypost-go/v5/client.go:168.29,171.17 2 1
github.com/EasyPost/easypost-go/v5/client.go:171.17,173.4 1 0
github.com/EasyPost/easypost-go/v5/client.go:174.8,177.3 1 1
github.com/EasyPost/easypost-go/v5/client.go:179.2,179.16 1 1
github.com/EasyPost/easypost-go/v5/client.go:179.16,192.63 2 0
github.com/EasyPost/easypost-go/v5/client.go:192.63,194.4 1 0
github.com/EasyPost/easypost-go/v5/client.go:196.3,196.13 1 0
github.com/EasyPost/easypost-go/v5/client.go:200.2,212.62 2 1
github.com/EasyPost/easypost-go/v5/client.go:212.62,214.3 1 1
github.com/EasyPost/easypost-go/v5/client.go:216.2,216.15 1 1
github.com/EasyPost/easypost-go/v5/client.go:216.15,216.39 1 1
github.com/EasyPost/easypost-go/v5/client.go:219.2,219.52 1 1
github.com/EasyPost/easypost-go/v5/client.go:219.52,220.17 1 1
github.com/EasyPost/easypost-go/v5/client.go:220.17,222.4 1 1
github.com/EasyPost/easypost-go/v5/client.go:223.3,223.13 1 1
github.com/EasyPost/easypost-go/v5/client.go:227.2,229.15 2 1
github.com/EasyPost/easypost-go/v5/constants.go:3.59,5.2 1 1
github.com/EasyPost/easypost-go/v5/constants.go:10.43,12.2 1 1
github.com/EasyPost/easypost-go/v5/constants.go:14.55,16.2 1 1
github.com/EasyPost/easypost-go/v5/customs.go:73.83,75.2 1 1
github.com/EasyPost/easypost-go/v5/customs.go:80.115,84.2 3 1
github.com/EasyPost/easypost-go/v5/customs.go:87.85,89.2 1 1
github.com/EasyPost/easypost-go/v5/customs.go:93.117,96.2 2 1
github.com/EasyPost/easypost-go/v5/customs.go:111.83,113.2 1 1
github.com/EasyPost/easypost-go/v5/customs.go:118.115,122.2 3 1
github.com/EasyPost/easypost-go/v5/customs.go:125.85,127.2 1 1
github.com/EasyPost/easypost-go/v5/customs.go:131.117,134.2 2 1
github.com/EasyPost/easypost-go/v5/datetime.go:10.57,12.25 1 1
github.com/EasyPost/easypost-go/v5/datetime.go:12.25,14.3 1 0
github.com/EasyPost/easypost-go/v5/datetime.go:16.2,20.16 3 1
github.com/EasyPost/easypost-go/v5/datetime.go:20.16,23.3 2 1
github.com/EasyPost/easypost-go/v5/datetime.go:26.2,27.16 2 0
github.com/EasyPost/easypost-go/v5/datetime.go:27.16,29.3 1 0
github.com/EasyPost/easypost-go/v5/datetime.go:30.2,31.12 2 0
github.com/EasyPost/easypost-go/v5/datetime.go:34.51,36.2 1 1
github.com/EasyPost/easypost-go/v5/datetime.go:38.37,40.2 1 1
github.com/EasyPost/easypost-go/v5/datetime.go:43.72,46.2 2 1
github.com/EasyPost/easypost-go/v5/datetime.go:48.40,50.2 1 1
github.com/EasyPost/easypost-go/v5/datetime.go:70.106,73.2 2 1
github.com/EasyPost/easypost-go/v5/datetime.go:76.45,78.2 1 1
github.com/EasyPost/easypost-go/v5/datetime.go:80.60,86.16 3 1
github.com/EasyPost/easypost-go/v5/datetime.go:86.16,89.3 2 1
github.com/EasyPost/easypost-go/v5/datetime.go:93.2,94.16 2 1
github.com/EasyPost/easypost-go/v5/datetime.go:94.16,97.3 2 1
github.com/EasyPost/easypost-go/v5/datetime.go:101.2,102.16 2 1
github.com/EasyPost/easypost-go/v5/datetime.go:102.16,105.3 2 1
github.com/EasyPost/easypost-go/v5/datetime.go:109.2,110.16 2 1
github.com/EasyPost/easypost-go/v5/datetime.go:110.16,113.3 2 1
github.com/EasyPost/easypost-go/v5/datetime.go:117.2,118.16 2 0
github.com/EasyPost/easypost-go/v5/datetime.go:118.16,121.3 2 0
github.com/EasyPost/easypost-go/v5/datetime.go:125.2,126.16 2 0
github.com/EasyPost/easypost-go/v5/datetime.go:126.16,129.3 2 0
github.com/EasyPost/easypost-go/v5/datetime.go:133.2,134.16 2 0
github.com/EasyPost/easypost-go/v5/datetime.go:134.16,137.3 2 0
github.com/EasyPost/easypost-go/v5/datetime.go:141.2,142.16 2 0
github.com/EasyPost/easypost-go/v5/datetime.go:142.16,145.3 2 0
github.com/EasyPost/easypost-go/v5/datetime.go:149.2,150.16 2 0
github.com/EasyPost/easypost-go/v5/datetime.go:150.16,153.3 2 0
github.com/EasyPost/easypost-go/v5/datetime.go:157.2,158.16 2 0
github.com/EasyPost/easypost-go/v5/datetime.go:158.16,161.3 2 0
github.com/EasyPost/easypost-go/v5/datetime.go:163.2,163.8 1 0
github.com/EasyPost/easypost-go/v5/endshipper.go:15.74,17.2 1 1
github.com/EasyPost/easypost-go/v5/endshipper.go:21.106,27.2 3 1
github.com/EasyPost/easypost-go/v5/endshipper.go:30.79,32.2 1 1
github.com/EasyPost/easypost-go/v5/endshipper.go:36.111,39.2 2 1
github.com/EasyPost/easypost-go/v5/endshipper.go:42.92,44.2 1 1
github.com/EasyPost/easypost-go/v5/endshipper.go:48.124,51.2 2 1
github.com/EasyPost/easypost-go/v5/endshipper.go:56.75,58.2 1 1
github.com/EasyPost/easypost-go/v5/endshipper.go:62.107,69.2 3 1
github.com/EasyPost/easypost-go/v5/error.go:18.39,20.2 1 1
github.com/EasyPost/easypost-go/v5/error.go:22.57,30.56 3 0
github.com/EasyPost/easypost-go/v5/error.go:30.56,32.3 1 0
github.com/EasyPost/easypost-go/v5/error.go:35.2,38.12 3 0
github.com/EasyPost/easypost-go/v5/error.go:42.68,43.29 1 1
github.com/EasyPost/easypost-go/v5/error.go:44.21,45.30 1 1
github.com/EasyPost/easypost-go/v5/error.go:45.30,47.4 1 1
github.com/EasyPost/easypost-go/v5/error.go:48.30,49.30 1 1
github.com/EasyPost/easypost-go/v5/error.go:49.30,51.4 1 1
github.com/EasyPost/easypost-go/v5/error.go:52.10,53.48 1 1
github.com/EasyPost/easypost-go/v5/error.go:56.2,56.17 1 1
github.com/EasyPost/easypost-go/v5/error.go:67.37,69.2 1 0
github.com/EasyPost/easypost-go/v5/error.go:77.47,79.2 1 0
github.com/EasyPost/easypost-go/v5/error.go:82.54,84.2 1 1
github.com/EasyPost/easypost-go/v5/error.go:92.41,94.2 1 0
github.com/EasyPost/easypost-go/v5/error.go:97.56,99.2 1 1
github.com/EasyPost/easypost-go/v5/error.go:107.45,109.2 1 0
github.com/EasyPost/easypost-go/v5/error.go:112.64,114.2 1 0
github.com/EasyPost/easypost-go/v5/error.go:122.47,124.2 1 0
github.com/EasyPost/easypost-go/v5/error.go:127.69,130.2 2 1
github.com/EasyPost/easypost-go/v5/error.go:138.55,140.2 1 0
github.com/EasyPost/easypost-go/v5/error.go:143.70,145.2 1 1
github.com/EasyPost/easypost-go/v5/error.go:153.56,155.2 1 0
github.com/EasyPost/easypost-go/v5/error.go:158.72,160.2 1 1
github.com/EasyPost/easypost-go/v5/error.go:168.43,170.2 1 0
github.com/EasyPost/easypost-go/v5/error.go:173.60,175.2 1 0
github.com/EasyPost/easypost-go/v5/error.go:183.47,185.2 1 0
github.com/EasyPost/easypost-go/v5/error.go:188.68,190.2 1 1
github.com/EasyPost/easypost-go/v5/error.go:210.35,212.33 2 1
github.com/EasyPost/easypost-go/v5/error.go:213.14,214.16 1 1
github.com/EasyPost/easypost-go/v5/error.go:215.45,217.41 2 1
github.com/EasyPost/easypost-go/v5/error.go:218.10,219.28 1 0
github.com/EasyPost/easypost-go/v5/error.go:222.2,222.19 1 1
github.com/EasyPost/easypost-go/v5/error.go:222.19,223.19 1 1
github.com/EasyPost/easypost-go/v5/error.go:223.19,225.4 1 1
github.com/EasyPost/easypost-go/v5/error.go:226.3,226.17 1 0
github.com/EasyPost/easypost-go/v5/error.go:228.2,228.18 1 0
github.com/EasyPost/easypost-go/v5/error.go:228.18,230.3 1 0
github.com/EasyPost/easypost-go/v5/error.go:231.2,231.51 1 0
github.com/EasyPost/easypost-go/v5/error.go:234.35,236.2 1 1
github.com/EasyPost/easypost-go/v5/error.go:256.42,258.2 1 0
github.com/EasyPost/easypost-go/v5/error.go:266.42,268.2 1 0
github.com/EasyPost/easypost-go/v5/error.go:276.46,278.2 1 0
github.com/EasyPost/easypost-go/v5/error.go:286.46,288.2 1 0
github.com/EasyPost/easypost-go/v5/error.go:296.46,298.2 1 1
github.com/EasyPost/easypost-go/v5/error.go:306.48,308.2 1 0
github.com/EasyPost/easypost-go/v5/error.go:316.40,318.2 1 1
github.com/EasyPost/easypost-go/v5/error.go:326.39,328.2 1 0
github.com/EasyPost/easypost-go/v5/error.go:336.37,338.2 1 0
github.com/EasyPost/easypost-go/v5/error.go:346.41,348.2 1 0
github.com/EasyPost/easypost-go/v5/error.go:356.40,358.2 1 0
github.com/EasyPost/easypost-go/v5/error.go:366.37,368.2 1 0
github.com/EasyPost/easypost-go/v5/error.go:376.50,378.2 1 0
github.com/EasyPost/easypost-go/v5/error.go:386.35,388.2 1 0
github.com/EasyPost/easypost-go/v5/error.go:396.39,398.2 1 0
github.com/EasyPost/easypost-go/v5/error.go:406.44,408.2 1 0
github.com/EasyPost/easypost-go/v5/error.go:416.41,418.2 1 1
github.com/EasyPost/easypost-go/v5/error.go:426.43,428.2 1 0
github.com/EasyPost/easypost-go/v5/error.go:432.60,448.43 4 1
github.com/EasyPost/easypost-go/v5/error.go:448.43,450.28 1 1
github.com/EasyPost/easypost-go/v5/error.go:450.28,453.36 3 1
github.com/EasyPost/easypost-go/v5/error.go:453.36,454.51 1 1
github.com/EasyPost/easypost-go/v5/error.go:455.24,457.33 2 1
github.com/EasyPost/easypost-go/v5/error.go:457.33,458.32 1 1
github.com/EasyPost/easypost-go/v5/error.go:459.35,461.50 2 1
github.com/EasyPost/easypost-go/v5/error.go:461.50,463.9 1 1
github.com/EasyPost/easypost-go/v5/error.go:464.8,464.54 1 1
github.com/EasyPost/easypost-go/v5/error.go:464.54,466.9 1 1
github.com/EasyPost/easypost-go/v5/error.go:467.8,467.60 1 1
github.com/EasyPost/easypost-go/v5/error.go:467.60,469.9 1 0
github.com/EasyPost/easypost-go/v5/error.go:470.8,470.49 1 1
github.com/EasyPost/easypost-go/v5/error.go:471.15,472.54 1 1
github.com/EasyPost/easypost-go/v5/error.go:475.6,475.33 1 1
github.com/EasyPost/easypost-go/v5/error.go:476.13,477.30 1 0
github.com/EasyPost/easypost-go/v5/error.go:481.8,483.28 1 1
github.com/EasyPost/easypost-go/v5/error.go:483.28,485.4 1 1
github.com/EasyPost/easypost-go/v5/error.go:486.3,488.36 3 1
github.com/EasyPost/easypost-go/v5/error.go:492.2,492.29 1 1
github.com/EasyPost/easypost-go/v5/error.go:493.9,494.47 1 1
github.com/EasyPost/easypost-go/v5/error.go:495.26,496.42 1 1
github.com/EasyPost/easypost-go/v5/error.go:497.51,498.45 1 1
github.com/EasyPost/easypost-go/v5/error.go:499.11,500.47 1 1
github.com/EasyPost/easypost-go/v5/error.go:501.11,502.49 1 1
github.com/EasyPost/easypost-go/v5/error.go:503.11,504.44 1 1
github.com/EasyPost/easypost-go/v5/error.go:505.11,506.46 1 1
github.com/EasyPost/easypost-go/v5/error.go:507.11,508.45 1 1
github.com/EasyPost/easypost-go/v5/error.go:509.11,510.53 1 1
github.com/EasyPost/easypost-go/v5/error.go:511.11,512.42 1 1
github.com/EasyPost/easypost-go/v5/error.go:513.11,514.44 1 1
github.com/EasyPost/easypost-go/v5/error.go:515.11,516.51 1 1
github.com/EasyPost/easypost-go/v5/error.go:517.11,518.46 1 1
github.com/EasyPost/easypost-go/v5/error.go:519.11,520.51 1 1
github.com/EasyPost/easypost-go/v5/error.go:521.11,522.55 1 1
github.com/EasyPost/easypost-go/v5/error.go:523.16,524.51 1 1
github.com/EasyPost/easypost-go/v5/error.go:525.10,526.48 1 1
github.com/EasyPost/easypost-go/v5/event.go:65.56,70.68 4 1
github.com/EasyPost/easypost-go/v5/event.go:70.68,72.3 1 0
github.com/EasyPost/easypost-go/v5/event.go:74.2,74.62 1 1
github.com/EasyPost/easypost-go/v5/event.go:74.62,76.3 1 1
github.com/EasyPost/easypost-go/v5/event.go:78.2,78.12 1 1
github.com/EasyPost/easypost-go/v5/event.go:83.63,88.70 4 0
github.com/EasyPost/easypost-go/v5/event.go:88.70,90.3 1 0
github.com/EasyPost/easypost-go/v5/event.go:93.2,93.64 1 0
github.com/EasyPost/easypost-go/v5/event.go:93.64,95.3 1 0
github.com/EasyPost/easypost-go/v5/event.go:99.2,99.75 1 0
github.com/EasyPost/easypost-go/v5/event.go:99.75,101.3 1 0
github.com/EasyPost/easypost-go/v5/event.go:103.2,104.12 2 0
github.com/EasyPost/easypost-go/v5/event.go:108.83,110.2 1 1
github.com/EasyPost/easypost-go/v5/event.go:114.115,117.2 2 1
github.com/EasyPost/easypost-go/v5/event.go:120.100,122.2 1 0
github.com/EasyPost/easypost-go/v5/event.go:125.126,127.2 1 1
github.com/EasyPost/easypost-go/v5/event.go:131.132,133.2 1 0
github.com/EasyPost/easypost-go/v5/event.go:137.158,138.33 1 1
github.com/EasyPost/easypost-go/v5/event.go:138.33,141.3 2 0
github.com/EasyPost/easypost-go/v5/event.go:142.2,144.16 3 1
github.com/EasyPost/easypost-go/v5/event.go:144.16,146.3 1 0
github.com/EasyPost/easypost-go/v5/event.go:147.2,147.45 1 1
github.com/EasyPost/easypost-go/v5/event.go:151.67,153.2 1 1
github.com/EasyPost/easypost-go/v5/event.go:157.99,160.2 2 1
github.com/EasyPost/easypost-go/v5/event.go:163.85,165.2 1 1
github.com/EasyPost/easypost-go/v5/event.go:169.117,172.2 2 1
github.com/EasyPost/easypost-go/v5/event.go:175.92,177.2 1 1
github.com/EasyPost/easypost-go/v5/event.go:181.124,184.2 2 1
github.com/EasyPost/easypost-go/v5/hooks.go:42.90,44.16 2 1
github.com/EasyPost/easypost-go/v5/hooks.go:44.16,46.3 1 0
github.com/EasyPost/easypost-go/v5/hooks.go:72.92,74.16 2 1
github.com/EasyPost/easypost-go/v5/hooks.go:74.16,76.3 1 0
github.com/EasyPost/easypost-go/v5/hooks.go:86.82,88.2 1 1
github.com/EasyPost/easypost-go/v5/hooks.go:91.84,93.2 1 1
github.com/EasyPost/easypost-go/v5/hooks.go:96.85,97.54 1 1
github.com/EasyPost/easypost-go/v5/hooks.go:97.54,98.30 1 1
github.com/EasyPost/easypost-go/v5/hooks.go:98.30,101.4 2 1
github.com/EasyPost/easypost-go/v5/hooks.go:106.87,107.55 1 0
github.com/EasyPost/easypost-go/v5/hooks.go:107.55,108.30 1 0
github.com/EasyPost/easypost-go/v5/hooks.go:108.30,111.4 2 0
github.com/EasyPost/easypost-go/v5/insurance.go:57.77,59.2 1 1
github.com/EasyPost/easypost-go/v5/insurance.go:63.109,67.2 3 1
github.com/EasyPost/easypost-go/v5/insurance.go:70.91,72.2 1 1
github.com/EasyPost/easypost-go/v5/insurance.go:76.123,79.2 2 1
github.com/EasyPost/easypost-go/v5/insurance.go:82.112,84.2 1 0
github.com/EasyPost/easypost-go/v5/insurance.go:87.138,89.2 1 1
github.com/EasyPost/easypost-go/v5/insurance.go:93.144,95.2 1 0
github.com/EasyPost/easypost-go/v5/insurance.go:99.170,100.37 1 1
github.com/EasyPost/easypost-go/v5/insurance.go:100.37,103.3 2 0
github.com/EasyPost/easypost-go/v5/insurance.go:104.2,106.16 3 1
github.com/EasyPost/easypost-go/v5/insurance.go:106.16,108.3 1 0
github.com/EasyPost/easypost-go/v5/insurance.go:109.2,109.49 1 1
github.com/EasyPost/easypost-go/v5/insurance.go:113.79,115.2 1 1
github.com/EasyPost/easypost-go/v5/insurance.go:119.111,122.2 2 1
github.com/EasyPost/easypost-go/v5/insurance.go:125.82,127.2 1 1
github.com/EasyPost/easypost-go/v5/insurance.go:131.114,134.2 2 1
github.com/EasyPost/easypost-go/v5/list_options.go:14.98,15.14 1 1
github.com/EasyPost/easypost-go/v5/list_options.go:15.14,18.3 2 1
github.com/EasyPost/easypost-go/v5/list_options.go:19.2,22.18 2 1
github.com/EasyPost/easypost-go/v5/list_options.go:22.18,24.3 1 1
github.com/EasyPost/easypost-go/v5/list_options.go:25.2,25.8 1 1
github.com/EasyPost/easypost-go/v5/list_options.go:30.107,31.14 1 1
github.com/EasyPost/easypost-go/v5/list_options.go:31.14,34.3 2 0
github.com/EasyPost/easypost-go/v5/list_options.go:35.2,38.18 2 1
github.com/EasyPost/easypost-go/v5/list_options.go:38.18,40.3 1 1
github.com/EasyPost/easypost-go/v5/list_options.go:41.2,41.8 1 1
github.com/EasyPost/easypost-go/v5/luma.go:47.77,49.2 1 1
github.com/EasyPost/easypost-go/v5/luma.go:53.109,61.2 5 1
github.com/EasyPost/easypost-go/v5/mocking.go:20.60,22.2 1 1
github.com/EasyPost/easypost-go/v5/mocking.go:29.63,38.2 1 1
github.com/EasyPost/easypost-go/v5/mocking.go:40.76,41.41 1 1
github.com/EasyPost/easypost-go/v5/mocking.go:41.41,45.30 4 1
github.com/EasyPost/easypost-go/v5/mocking.go:45.30,47.4 1 1
github.com/EasyPost/easypost-go/v5/mocking.go:49.2,49.12 1 0
github.com/EasyPost/easypost-go/v5/object.go:14.60,15.20 1 1
github.com/EasyPost/easypost-go/v5/object.go:15.20,17.3 1 1
github.com/EasyPost/easypost-go/v5/object.go:19.2,23.51 2 1
github.com/EasyPost/easypost-go/v5/object.go:23.51,25.3 1 0
github.com/EasyPost/easypost-go/v5/object.go:27.2,28.20 2 1
github.com/EasyPost/easypost-go/v5/object.go:29.17,30.24 1 0
github.com/EasyPost/easypost-go/v5/object.go:31.16,32.23 1 0
github.com/EasyPost/easypost-go/v5/object.go:33.15,34.22 1 0
github.com/EasyPost/easypost-go/v5/object.go:35.24,36.31 1 0
github.com/EasyPost/easypost-go/v5/object.go:37.23,38.38 1 0
github.com/EasyPost/easypost-go/v5/object.go:39.21,40.28 1 0
github.com/EasyPost/easypost-go/v5/object.go:41.21,42.28 1 0
github.com/EasyPost/easypost-go/v5/object.go:43.21,44.28 1 0
github.com/EasyPost/easypost-go/v5/object.go:45.15,46.22 1 0
github.com/EasyPost/easypost-go/v5/object.go:47.14,48.21 1 0
github.com/EasyPost/easypost-go/v5/object.go:49.19,50.26 1 0
github.com/EasyPost/easypost-go/v5/object.go:51.15,52.22 1 0
github.com/EasyPost/easypost-go/v5/object.go:53.16,54.23 1 0
github.com/EasyPost/easypost-go/v5/object.go:55.17,56.29 1 0
github.com/EasyPost/easypost-go/v5/object.go:57.20,58.27 1 0
github.com/EasyPost/easypost-go/v5/object.go:59.26,60.23 1 0
github.com/EasyPost/easypost-go/v5/object.go:61.16,62.23 1 0
github.com/EasyPost/easypost-go/v5/object.go:63.22,64.29 1 0
github.com/EasyPost/easypost-go/v5/object.go:65.14,66.21 1 0
github.com/EasyPost/easypost-go/v5/object.go:67.16,68.23 1 0
github.com/EasyPost/easypost-go/v5/object.go:69.22,70.23 1 0
github.com/EasyPost/easypost-go/v5/object.go:71.18,72.25 1 0
github.com/EasyPost/easypost-go/v5/object.go:73.18,74.25 1 0
github.com/EasyPost/easypost-go/v5/object.go:75.31,76.23 1 0
github.com/EasyPost/easypost-go/v5/object.go:77.24,78.23 1 0
github.com/EasyPost/easypost-go/v5/object.go:79.17,80.24 1 1
github.com/EasyPost/easypost-go/v5/object.go:81.23,82.23 1 0
github.com/EasyPost/easypost-go/v5/object.go:83.24,84.31 1 0
github.com/EasyPost/easypost-go/v5/object.go:85.26,86.33 1 0
github.com/EasyPost/easypost-go/v5/object.go:87.14,88.21 1 0
github.com/EasyPost/easypost-go/v5/object.go:89.17,90.24 1 0
github.com/EasyPost/easypost-go/v5/object.go:96.2,96.54 1 1
github.com/EasyPost/easypost-go/v5/object.go:96.54,98.3 1 0
github.com/EasyPost/easypost-go/v5/object.go:100.2,100.20 1 1
github.com/EasyPost/easypost-go/v5/order.go:63.94,65.2 1 1
github.com/EasyPost/easypost-go/v5/order.go:69.126,74.2 4 1
github.com/EasyPost/easypost-go/v5/order.go:77.67,79.2 1 1
github.com/EasyPost/easypost-go/v5/order.go:83.99,86.2 2 1
github.com/EasyPost/easypost-go/v5/order.go:89.72,91.2 1 1
github.com/EasyPost/easypost-go/v5/order.go:95.104,98.2 2 1
github.com/EasyPost/easypost-go/v5/order.go:105.85,107.2 1 1
github.com/EasyPost/easypost-go/v5/order.go:111.117,118.2 3 1
github.com/EasyPost/easypost-go/v5/order.go:121.70,123.2 1 1
github.com/EasyPost/easypost-go/v5/order.go:127.100,129.2 1 1
github.com/EasyPost/easypost-go/v5/order.go:133.129,135.2 1 1
github.com/EasyPost/easypost-go/v5/parcel.go:37.68,39.2 1 1
github.com/EasyPost/easypost-go/v5/parcel.go:43.100,46.2 2 1
github.com/EasyPost/easypost-go/v5/parcel.go:49.70,51.2 1 1
github.com/EasyPost/easypost-go/v5/parcel.go:55.102,58.2 2 1
github.com/EasyPost/easypost-go/v5/payment_method.go:40.109,41.35 1 1
github.com/EasyPost/easypost-go/v5/payment_method.go:41.35,43.3 1 1
github.com/EasyPost/easypost-go/v5/payment_method.go:43.8,43.43 1 0
github.com/EasyPost/easypost-go/v5/payment_method.go:43.43,45.3 1 0
github.com/EasyPost/easypost-go/v5/payment_method.go:45.8,47.3 1 0
github.com/EasyPost/easypost-go/v5/payment_method.go:48.2,48.8 1 1
github.com/EasyPost/easypost-go/v5/payment_method.go:52.96,54.27 2 1
github.com/EasyPost/easypost-go/v5/payment_method.go:55.29,56.23 1 1
github.com/EasyPost/easypost-go/v5/payment_method.go:57.30,58.24 1 0
github.com/EasyPost/easypost-go/v5/payment_method.go:59.10,60.61 1 0
github.com/EasyPost/easypost-go/v5/payment_method.go:62.2,62.8 1 1
github.com/EasyPost/easypost-go/v5/payment_method.go:66.115,68.16 2 1
github.com/EasyPost/easypost-go/v5/payment_method.go:68.16,70.3 1 0
github.com/EasyPost/easypost-go/v5/payment_method.go:72.2,72.18 1 1
github.com/EasyPost/easypost-go/v5/payment_method.go:73.36,74.44 1 1
github.com/EasyPost/easypost-go/v5/payment_method.go:75.38,76.46 1 0
github.com/EasyPost/easypost-go/v5/payment_method.go:79.2,79.16 1 1
github.com/EasyPost/easypost-go/v5/payment_method.go:79.16,81.3 1 0
github.com/EasyPost/easypost-go/v5/payment_method.go:83.2,83.17 1 1
github.com/EasyPost/easypost-go/v5/payment_method.go:87.112,88.28 1 1
github.com/EasyPost/easypost-go/v5/payment_method.go:89.36,90.18 1 1
github.com/EasyPost/easypost-go/v5/payment_method.go:91.38,92.20 1 0
github.com/EasyPost/easypost-go/v5/payment_method.go:95.2,95.8 1 1
github.com/EasyPost/easypost-go/v5/pickup.go:70.68,72.2 1 1
github.com/EasyPost/easypost-go/v5/pickup.go:76.100,79.2 2 1
github.com/EasyPost/easypost-go/v5/pickup.go:82.70,84.2 1 1
github.com/EasyPost/easypost-go/v5/pickup.go:88.102,91.2 2 1
github.com/EasyPost/easypost-go/v5/pickup.go:98.88,100.2 1 1
github.com/EasyPost/easypost-go/v5/pickup.go:104.120,111.2 3 1
github.com/EasyPost/easypost-go/v5/pickup.go:114.73,116.2 1 1
github.com/EasyPost/easypost-go/v5/pickup.go:120.105,123.2 2 1
github.com/EasyPost/easypost-go/v5/pickup.go:126.79,128.2 1 1
github.com/EasyPost/easypost-go/v5/pickup.go:132.109,134.2 1 1
github.com/EasyPost/easypost-go/v5/pickup.go:138.138,140.2 1 1
github.com/EasyPost/easypost-go/v5/pickup.go:143.84,145.2 1 1
github.com/EasyPost/easypost-go/v5/pickup.go:149.116,152.2 2 1
github.com/EasyPost/easypost-go/v5/pickup.go:155.101,157.2 1 0
github.com/EasyPost/easypost-go/v5/pickup.go:160.127,162.2 1 1
github.com/EasyPost/easypost-go/v5/pickup.go:166.133,168.2 1 0
github.com/EasyPost/easypost-go/v5/pickup.go:172.159,173.34 1 1
github.com/EasyPost/easypost-go/v5/pickup.go:173.34,176.3 2 0
github.com/EasyPost/easypost-go/v5/pickup.go:177.2,179.16 3 1
github.com/EasyPost/easypost-go/v5/pickup.go:179.16,181.3 1 0
github.com/EasyPost/easypost-go/v5/pickup.go:182.2,182.46 1 1
github.com/EasyPost/easypost-go/v5/rate.go:94.64,96.2 1 1
github.com/EasyPost/easypost-go/v5/rate.go:100.96,103.2 2 1
github.com/EasyPost/easypost-go/v5/rate.go:106.88,108.2 1 1
github.com/EasyPost/easypost-go/v5/rate.go:112.120,117.2 4 1
github.com/EasyPost/easypost-go/v5/rate.go:120.93,122.2 1 1
github.com/EasyPost/easypost-go/v5/rate.go:126.123,128.2 1 1
github.com/EasyPost/easypost-go/v5/rate.go:132.152,134.2 1 1
github.com/EasyPost/easypost-go/v5/referral_customer.go:72.93,74.2 1 1
github.com/EasyPost/easypost-go/v5/referral_customer.go:78.125,81.2 2 1
github.com/EasyPost/easypost-go/v5/referral_customer.go:84.105,86.2 1 1
github.com/EasyPost/easypost-go/v5/referral_customer.go:90.137,93.2 2 1
github.com/EasyPost/easypost-go/v5/referral_customer.go:96.133,98.2 1 0
github.com/EasyPost/easypost-go/v5/referral_customer.go:101.159,103.2 1 1
github.com/EasyPost/easypost-go/v5/referral_customer.go:107.165,109.2 1 0
github.com/EasyPost/easypost-go/v5/referral_customer.go:113.191,114.44 1 1
github.com/EasyPost/easypost-go/v5/referral_customer.go:114.44,117.3 2 0
github.com/EasyPost/easypost-go/v5/referral_customer.go:118.2,120.16 3 1
github.com/EasyPost/easypost-go/v5/referral_customer.go:120.16,122.3 1 0
github.com/EasyPost/easypost-go/v5/referral_customer.go:123.2,123.56 1 1
github.com/EasyPost/easypost-go/v5/referral_customer.go:127.110,129.2 1 1
github.com/EasyPost/easypost-go/v5/referral_customer.go:133.142,141.2 3 1
github.com/EasyPost/easypost-go/v5/referral_customer.go:144.187,146.2 1 1
github.com/EasyPost/easypost-go/v5/referral_customer.go:150.219,152.87 2 1
github.com/EasyPost/easypost-go/v5/referral_customer.go:152.87,159.3 1 0
github.com/EasyPost/easypost-go/v5/referral_customer.go:161.2,162.78 2 1
github.com/EasyPost/easypost-go/v5/referral_customer.go:162.78,164.3 1 0
github.com/EasyPost/easypost-go/v5/referral_customer.go:166.2,166.98 1 1
github.com/EasyPost/easypost-go/v5/referral_customer.go:170.183,172.2 1 1
github.com/EasyPost/easypost-go/v5/referral_customer.go:176.215,191.2 4 1
github.com/EasyPost/easypost-go/v5/referral_customer.go:194.210,196.2 1 1
github.com/EasyPost/easypost-go/v5/referral_customer.go:200.249,214.2 4 1
github.com/EasyPost/easypost-go/v5/referral_customer.go:216.107,219.2 2 1
github.com/EasyPost/easypost-go/v5/referral_customer.go:221.154,229.16 7 1
github.com/EasyPost/easypost-go/v5/referral_customer.go:229.16,231.3 1 0
github.com/EasyPost/easypost-go/v5/referral_customer.go:233.2,237.16 4 1
github.com/EasyPost/easypost-go/v5/referral_customer.go:237.16,239.3 1 0
github.com/EasyPost/easypost-go/v5/referral_customer.go:241.2,241.33 1 1
github.com/EasyPost/easypost-go/v5/referral_customer.go:241.33,243.3 1 1
github.com/EasyPost/easypost-go/v5/referral_customer.go:245.2,246.16 2 1
github.com/EasyPost/easypost-go/v5/referral_customer.go:246.16,248.3 1 0
github.com/EasyPost/easypost-go/v5/referral_customer.go:250.2,251.16 2 1
github.com/EasyPost/easypost-go/v5/referral_customer.go:251.16,253.3 1 0
github.com/EasyPost/easypost-go/v5/referral_customer.go:255.2,255.8 1 1
github.com/EasyPost/easypost-go/v5/referral_customer.go:258.185,275.2 5 1
github.com/EasyPost/easypost-go/v5/referral_customer.go:278.165,280.2 1 1
github.com/EasyPost/easypost-go/v5/referral_customer.go:284.197,295.2 3 1
github.com/EasyPost/easypost-go/v5/referral_customer.go:298.91,300.2 1 1
github.com/EasyPost/easypost-go/v5/referral_customer.go:304.123,311.2 3 1
github.com/EasyPost/easypost-go/v5/referral_customer.go:314.98,316.2 1 1
github.com/EasyPost/easypost-go/v5/referral_customer.go:320.130,327.2 3 1
github.com/EasyPost/easypost-go/v5/referral_customer.go:330.92,332.2 1 1
github.com/EasyPost/easypost-go/v5/referral_customer.go:336.122,340.2 3 1
github.com/EasyPost/easypost-go/v5/referral_customer.go:343.93,345.2 1 1
github.com/EasyPost/easypost-go/v5/referral_customer.go:349.123,353.2 3 1
github.com/EasyPost/easypost-go/v5/referral_customer.go:356.122,358.2 1 0
github.com/EasyPost/easypost-go/v5/referral_customer.go:362.154,369.2 4 0
github.com/EasyPost/easypost-go/v5/refund.go:26.85,28.2 1 1
github.com/EasyPost/easypost-go/v5/refund.go:32.117,36.2 3 1
github.com/EasyPost/easypost-go/v5/refund.go:39.84,41.2 1 1
github.com/EasyPost/easypost-go/v5/refund.go:45.116,48.2 2 1
github.com/EasyPost/easypost-go/v5/refund.go:51.101,53.2 1 0
github.com/EasyPost/easypost-go/v5/refund.go:56.127,58.2 1 1
github.com/EasyPost/easypost-go/v5/refund.go:62.133,64.2 1 0
github.com/EasyPost/easypost-go/v5/refund.go:68.159,69.34 1 1
github.com/EasyPost/easypost-go/v5/refund.go:69.34,72.3 2 0
github.com/EasyPost/easypost-go/v5/refund.go:73.2,75.16 3 1
github.com/EasyPost/easypost-go/v5/refund.go:75.16,77.3 1 1
github.com/EasyPost/easypost-go/v5/refund.go:78.2,78.46 1 0
github.com/EasyPost/easypost-go/v5/refund.go:82.70,84.2 1 1
github.com/EasyPost/easypost-go/v5/refund.go:88.102,91.2 2 1
github.com/EasyPost/easypost-go/v5/report.go:43.80,45.2 1 1
github.com/EasyPost/easypost-go/v5/report.go:49.112,52.2 2 1
github.com/EasyPost/easypost-go/v5/report.go:55.97,57.2 1 1
github.com/EasyPost/easypost-go/v5/report.go:61.129,66.2 3 1
github.com/EasyPost/easypost-go/v5/report.go:69.103,71.2 1 0
github.com/EasyPost/easypost-go/v5/report.go:74.129,76.2 1 1
github.com/EasyPost/easypost-go/v5/report.go:80.135,82.2 1 0
github.com/EasyPost/easypost-go/v5/report.go:86.161,87.34 1 1
github.com/EasyPost/easypost-go/v5/report.go:87.34,90.3 2 0
github.com/EasyPost/easypost-go/v5/report.go:91.2,93.16 3 1
github.com/EasyPost/easypost-go/v5/report.go:93.16,95.3 1 0
github.com/EasyPost/easypost-go/v5/report.go:96.2,99.18 2 1
github.com/EasyPost/easypost-go/v5/report.go:99.18,101.3 1 1
github.com/EasyPost/easypost-go/v5/report.go:102.2,102.69 1 1
github.com/EasyPost/easypost-go/v5/report.go:106.75,108.2 1 1
github.com/EasyPost/easypost-go/v5/report.go:112.107,115.2 2 1
github.com/EasyPost/easypost-go/v5/scan_form.go:34.65,38.30 3 1
github.com/EasyPost/easypost-go/v5/scan_form.go:38.30,40.3 1 1
github.com/EasyPost/easypost-go/v5/scan_form.go:41.2,41.12 1 1
github.com/EasyPost/easypost-go/v5/scan_form.go:48.83,50.2 1 1
github.com/EasyPost/easypost-go/v5/scan_form.go:54.115,57.2 2 1
github.com/EasyPost/easypost-go/v5/scan_form.go:60.89,62.2 1 1
github.com/EasyPost/easypost-go/v5/scan_form.go:66.121,69.2 2 1
github.com/EasyPost/easypost-go/v5/scan_form.go:72.109,74.2 1 0
github.com/EasyPost/easypost-go/v5/scan_form.go:77.135,79.2 1 1
github.com/EasyPost/easypost-go/v5/scan_form.go:83.141,85.2 1 0
github.com/EasyPost/easypost-go/v5/scan_form.go:89.167,90.36 1 1
github.com/EasyPost/easypost-go/v5/scan_form.go:90.36,93.3 2 0
github.com/EasyPost/easypost-go/v5/scan_form.go:94.2,96.16 3 1
github.com/EasyPost/easypost-go/v5/scan_form.go:96.16,98.3 1 0
github.com/EasyPost/easypost-go/v5/scan_form.go:99.2,99.48 1 1
github.com/EasyPost/easypost-go/v5/scan_form.go:103.76,105.2 1 1
github.com/EasyPost/easypost-go/v5/scan_form.go:109.108,112.2 2 1
github.com/EasyPost/easypost-go/v5/shipment.go:163.74,165.2 1 1
github.com/EasyPost/easypost-go/v5/shipment.go:169.106,173.2 3 1
github.com/EasyPost/easypost-go/v5/shipment.go:176.98,178.2 1 1
github.com/EasyPost/easypost-go/v5/shipment.go:182.130,188.2 4 1
github.com/EasyPost/easypost-go/v5/shipment.go:191.109,193.2 1 0
github.com/EasyPost/easypost-go/v5/shipment.go:196.135,198.2 1 1
github.com/EasyPost/easypost-go/v5/shipment.go:202.141,204.2 1 0
github.com/EasyPost/easypost-go/v5/shipment.go:208.167,209.36 1 1
github.com/EasyPost/easypost-go/v5/shipment.go:209.36,212.3 2 0
github.com/EasyPost/easypost-go/v5/shipment.go:213.2,215.16 3 1
github.com/EasyPost/easypost-go/v5/shipment.go:215.16,217.3 1 0
github.com/EasyPost/easypost-go/v5/shipment.go:218.2,223.18 2 1
github.com/EasyPost/easypost-go/v5/shipment.go:223.18,225.3 1 1
github.com/EasyPost/easypost-go/v5/shipment.go:226.2,226.56 1 1
github.com/EasyPost/easypost-go/v5/shipment.go:230.76,232.2 1 1
github.com/EasyPost/easypost-go/v5/shipment.go:236.108,239.2 2 1
github.com/EasyPost/easypost-go/v5/shipment.go:241.121,244.2 2 1
github.com/EasyPost/easypost-go/v5/shipment.go:251.106,253.2 1 1
github.com/EasyPost/easypost-go/v5/shipment.go:257.138,260.2 2 1
github.com/EasyPost/easypost-go/v5/shipment.go:263.141,265.2 1 1
github.com/EasyPost/easypost-go/v5/shipment.go:269.173,272.2 2 1
github.com/EasyPost/easypost-go/v5/shipment.go:277.89,279.2 1 1
github.com/EasyPost/easypost-go/v5/shipment.go:283.121,290.2 4 1
github.com/EasyPost/easypost-go/v5/shipment.go:293.89,295.2 1 1
github.com/EasyPost/easypost-go/v5/shipment.go:299.121,305.2 3 1
github.com/EasyPost/easypost-go/v5/shipment.go:311.87,313.2 1 1
github.com/EasyPost/easypost-go/v5/shipment.go:317.119,323.2 3 1
github.com/EasyPost/easypost-go/v5/shipment.go:326.79,328.2 1 1
github.com/EasyPost/easypost-go/v5/shipment.go:332.111,335.2 2 1
github.com/EasyPost/easypost-go/v5/shipment.go:338.77,340.2 1 1
github.com/EasyPost/easypost-go/v5/shipment.go:344.109,348.2 3 1
github.com/EasyPost/easypost-go/v5/shipment.go:351.79,353.2 1 1
github.com/EasyPost/easypost-go/v5/shipment.go:357.109,359.2 1 1
github.com/EasyPost/easypost-go/v5/shipment.go:363.138,365.2 1 1
github.com/EasyPost/easypost-go/v5/shipment.go:368.124,371.2 2 1
github.com/EasyPost/easypost-go/v5/shipment.go:374.102,376.2 1 1
github.com/EasyPost/easypost-go/v5/shipment.go:380.134,382.2 1 1
github.com/EasyPost/easypost-go/v5/shipment.go:385.149,387.2 1 1
github.com/EasyPost/easypost-go/v5/shipment.go:391.181,396.2 4 1
github.com/EasyPost/easypost-go/v5/shipment.go:399.136,401.2 1 1
github.com/EasyPost/easypost-go/v5/shipment.go:404.168,413.2 4 1
github.com/EasyPost/easypost-go/v5/shipment.go:416.149,418.2 1 1
github.com/EasyPost/easypost-go/v5/shipment.go:421.181,432.2 4 1
github.com/EasyPost/easypost-go/v5/shipment.go:435.87,437.2 1 1
github.com/EasyPost/easypost-go/v5/shipment.go:440.119,444.2 3 1
github.com/EasyPost/easypost-go/v5/shipment.go:447.97,449.2 1 1
github.com/EasyPost/easypost-go/v5/shipment.go:452.129,455.2 2 1
github.com/EasyPost/easypost-go/v5/smart_rate.go:77.150,79.2 1 1
github.com/EasyPost/easypost-go/v5/smart_rate.go:82.182,85.2 2 1
github.com/EasyPost/easypost-go/v5/smart_rate.go:88.141,90.2 1 1
github.com/EasyPost/easypost-go/v5/smart_rate.go:93.173,96.2 2 1
github.com/EasyPost/easypost-go/v5/tracker.go:113.63,115.26 2 1
github.com/EasyPost/easypost-go/v5/tracker.go:115.26,117.3 1 1
github.com/EasyPost/easypost-go/v5/tracker.go:118.2,118.21 1 1
github.com/EasyPost/easypost-go/v5/tracker.go:118.21,120.3 1 0
github.com/EasyPost/easypost-go/v5/tracker.go:121.2,121.20 1 1
github.com/EasyPost/easypost-go/v5/tracker.go:121.20,123.3 1 0
github.com/EasyPost/easypost-go/v5/tracker.go:124.2,125.28 2 1
github.com/EasyPost/easypost-go/v5/tracker.go:125.28,127.3 1 0
github.com/EasyPost/easypost-go/v5/tracker.go:128.2,128.16 1 1
github.com/EasyPost/easypost-go/v5/tracker.go:128.16,130.3 1 0
github.com/EasyPost/easypost-go/v5/tracker.go:131.2,132.29 2 1
github.com/EasyPost/easypost-go/v5/tracker.go:132.29,134.3 1 1
github.com/EasyPost/easypost-go/v5/tracker.go:135.2,135.29 1 1
github.com/EasyPost/easypost-go/v5/tracker.go:135.29,137.3 1 0
github.com/EasyPost/easypost-go/v5/tracker.go:138.2,138.17 1 1
github.com/EasyPost/easypost-go/v5/tracker.go:138.17,140.3 1 0
github.com/EasyPost/easypost-go/v5/tracker.go:141.2,141.10 1 1
github.com/EasyPost/easypost-go/v5/tracker.go:147.86,149.2 1 1
github.com/EasyPost/easypost-go/v5/tracker.go:153.118,156.2 2 1
github.com/EasyPost/easypost-go/v5/tracker.go:159.95,161.2 1 1
github.com/EasyPost/easypost-go/v5/tracker.go:165.127,171.2 4 1
github.com/EasyPost/easypost-go/v5/tracker.go:174.106,176.2 1 0
github.com/EasyPost/easypost-go/v5/tracker.go:179.132,181.2 1 1
github.com/EasyPost/easypost-go/v5/tracker.go:185.138,187.2 1 0
github.com/EasyPost/easypost-go/v5/tracker.go:191.164,192.35 1 1
github.com/EasyPost/easypost-go/v5/tracker.go:192.35,195.3 2 0
github.com/EasyPost/easypost-go/v5/tracker.go:196.2,198.16 3 1
github.com/EasyPost/easypost-go/v5/tracker.go:198.16,200.3 1 0
github.com/EasyPost/easypost-go/v5/tracker.go:201.2,206.18 2 1
github.com/EasyPost/easypost-go/v5/tracker.go:206.18,208.3 1 1
github.com/EasyPost/easypost-go/v5/tracker.go:209.2,209.54 1 1
github.com/EasyPost/easypost-go/v5/tracker.go:213.73,215.2 1 1
github.com/EasyPost/easypost-go/v5/tracker.go:219.105,222.2 2 1
github.com/EasyPost/easypost-go/v5/tracker.go:225.103,227.2 1 1
github.com/EasyPost/easypost-go/v5/tracker.go:231.135,234.2 2 1
github.com/EasyPost/easypost-go/v5/user.go:55.69,57.2 1 1
github.com/EasyPost/easypost-go/v5/user.go:61.101,64.2 2 1
github.com/EasyPost/easypost-go/v5/user.go:67.64,69.2 1 1
github.com/EasyPost/easypost-go/v5/user.go:73.96,76.2 2 1
github.com/EasyPost/easypost-go/v5/user.go:81.69,83.2 1 1
github.com/EasyPost/easypost-go/v5/user.go:87.101,90.17 3 1
github.com/EasyPost/easypost-go/v5/user.go:90.17,92.3 1 1
github.com/EasyPost/easypost-go/v5/user.go:93.2,94.8 2 1
github.com/EasyPost/easypost-go/v5/user.go:98.50,100.2 1 1
github.com/EasyPost/easypost-go/v5/user.go:104.82,106.2 1 1
github.com/EasyPost/easypost-go/v5/user.go:109.54,111.2 1 1
github.com/EasyPost/easypost-go/v5/user.go:115.84,118.2 2 1
github.com/EasyPost/easypost-go/v5/user.go:121.91,123.2 1 1
github.com/EasyPost/easypost-go/v5/user.go:127.123,130.2 2 1
github.com/EasyPost/easypost-go/v5/user.go:133.112,135.2 1 0
github.com/EasyPost/easypost-go/v5/user.go:138.138,140.2 1 1
github.com/EasyPost/easypost-go/v5/user.go:144.144,146.2 1 0
github.com/EasyPost/easypost-go/v5/user.go:150.170,151.35 1 1
github.com/EasyPost/easypost-go/v5/user.go:151.35,154.3 2 0
github.com/EasyPost/easypost-go/v5/user.go:155.2,157.16 3 1
github.com/EasyPost/easypost-go/v5/user.go:157.16,159.3 1 0
github.com/EasyPost/easypost-go/v5/user.go:160.2,160.49 1 1
github.com/EasyPost/easypost-go/v5/user.go:164.100,166.2 1 1
github.com/EasyPost/easypost-go/v5/user.go:170.132,175.2 4 1
github.com/EasyPost/easypost-go/v5/util.go:17.34,19.2 1 1
github.com/EasyPost/easypost-go/v5/util.go:22.28,24.2 1 1
github.com/EasyPost/easypost-go/v5/util.go:27.69,28.34 1 1
github.com/EasyPost/easypost-go/v5/util.go:28.34,29.30 1 1
github.com/EasyPost/easypost-go/v5/util.go:29.30,31.4 1 1
github.com/EasyPost/easypost-go/v5/util.go:33.2,33.14 1 1
github.com/EasyPost/easypost-go/v5/util.go:37.124,42.85 2 1
github.com/EasyPost/easypost-go/v5/util.go:42.85,44.3 1 1
github.com/EasyPost/easypost-go/v5/util.go:46.2,46.29 1 1
github.com/EasyPost/easypost-go/v5/util.go:46.29,49.44 2 1
github.com/EasyPost/easypost-go/v5/util.go:50.24,51.58 1 0
github.com/EasyPost/easypost-go/v5/util.go:52.24,53.58 1 0
github.com/EasyPost/easypost-go/v5/util.go:54.24,55.58 1 0
github.com/EasyPost/easypost-go/v5/util.go:56.24,57.58 1 1
github.com/EasyPost/easypost-go/v5/util.go:58.24,59.58 1 0
github.com/EasyPost/easypost-go/v5/util.go:60.24,61.58 1 0
github.com/EasyPost/easypost-go/v5/util.go:62.24,63.58 1 0
github.com/EasyPost/easypost-go/v5/util.go:64.11,65.12 1 0
github.com/EasyPost/easypost-go/v5/util.go:69.3,69.42 1 1
github.com/EasyPost/easypost-go/v5/util.go:69.42,70.12 1 1
github.com/EasyPost/easypost-go/v5/util.go:74.3,74.27 1 1
github.com/EasyPost/easypost-go/v5/util.go:74.27,76.12 2 1
github.com/EasyPost/easypost-go/v5/util.go:80.3,80.44 1 1
github.com/EasyPost/easypost-go/v5/util.go:80.44,82.4 1 0
github.com/EasyPost/easypost-go/v5/util.go:86.2,86.26 1 1
github.com/EasyPost/easypost-go/v5/util.go:86.26,88.3 1 1
github.com/EasyPost/easypost-go/v5/util.go:90.2,90.8 1 1
github.com/EasyPost/easypost-go/v5/util.go:94.120,97.35 2 1
github.com/EasyPost/easypost-go/v5/util.go:97.35,99.3 1 1
github.com/EasyPost/easypost-go/v5/util.go:101.2,101.35 1 1
github.com/EasyPost/easypost-go/v5/util.go:101.35,103.3 1 1
github.com/EasyPost/easypost-go/v5/util.go:105.2,105.29 1 1
github.com/EasyPost/easypost-go/v5/util.go:105.29,108.72 1 1
github.com/EasyPost/easypost-go/v5/util.go:108.72,109.12 1 1
github.com/EasyPost/easypost-go/v5/util.go:112.3,116.30 3 1
github.com/EasyPost/easypost-go/v5/util.go:116.30,118.12 2 1
github.com/EasyPost/easypost-go/v5/util.go:122.3,122.43 1 1
github.com/EasyPost/easypost-go/v5/util.go:122.43,124.4 1 1
github.com/EasyPost/easypost-go/v5/util.go:128.2,128.29 1 1
github.com/EasyPost/easypost-go/v5/util.go:128.29,130.3 1 1
github.com/EasyPost/easypost-go/v5/util.go:132.2,132.8 1 1
github.com/EasyPost/easypost-go/v5/util.go:136.110,138.29 2 1
github.com/EasyPost/easypost-go/v5/util.go:138.29,145.3 1 1
github.com/EasyPost/easypost-go/v5/util.go:147.2,148.16 2 1
github.com/EasyPost/easypost-go/v5/util.go:148.16,149.30 1 1
github.com/EasyPost/easypost-go/v5/util.go:149.30,150.32 1 1
github.com/EasyPost/easypost-go/v5/util.go:150.32,152.5 1 1
github.com/EasyPost/easypost-go/v5/util.go:155.2,155.8 1 1
github.com/EasyPost/easypost-go/v5/util.go:159.131,161.29 2 1
github.com/EasyPost/easypost-go/v5/util.go:161.29,168.3 1 1
github.com/EasyPost/easypost-go/v5/util.go:170.2,171.16 2 1
github.com/EasyPost/easypost-go/v5/util.go:171.16,172.30 1 1
github.com/EasyPost/easypost-go/v5/util.go:172.30,174.80 1 1
github.com/EasyPost/easypost-go/v5/util.go:174.80,176.5 1 1
github.com/EasyPost/easypost-go/v5/util.go:179.2,179.8 1 1
github.com/EasyPost/easypost-go/v5/util.go:183.122,185.29 2 1
github.com/EasyPost/easypost-go/v5/util.go:185.29,192.3 1 1
github.com/EasyPost/easypost-go/v5/util.go:194.2,195.16 2 1
github.com/EasyPost/easypost-go/v5/util.go:195.16,196.30 1 1
github.com/EasyPost/easypost-go/v5/util.go:196.30,197.32 1 1
github.com/EasyPost/easypost-go/v5/util.go:197.32,199.5 1 1
github.com/EasyPost/easypost-go/v5/util.go:202.2,202.8 1 1
github.com/EasyPost/easypost-go/v5/webhook.go:54.102,62.2 1 1
github.com/EasyPost/easypost-go/v5/webhook.go:64.102,69.2 1 1
github.com/EasyPost/easypost-go/v5/webhook.go:72.92,74.2 1 1
github.com/EasyPost/easypost-go/v5/webhook.go:79.62,83.2 3 1
github.com/EasyPost/easypost-go/v5/webhook.go:86.61,88.2 1 1
github.com/EasyPost/easypost-go/v5/webhook.go:93.91,96.2 2 1
github.com/EasyPost/easypost-go/v5/webhook.go:99.73,101.2 1 1
github.com/EasyPost/easypost-go/v5/webhook.go:105.105,108.2 2 1
github.com/EasyPost/easypost-go/v5/webhook.go:111.110,113.2 1 1
github.com/EasyPost/easypost-go/v5/webhook.go:118.80,122.2 3 1
github.com/EasyPost/easypost-go/v5/webhook.go:125.56,127.2 1 1
github.com/EasyPost/easypost-go/v5/webhook.go:131.88,133.2 1 1
github.com/EasyPost/easypost-go/v5/webhook.go:138.130,140.2 1 1
github.com/EasyPost/easypost-go/v5/webhook.go:144.162,147.22 2 1
github.com/EasyPost/easypost-go/v5/webhook.go:147.22,156.64 6 1
github.com/EasyPost/easypost-go/v5/webhook.go:156.64,158.65 2 1
github.com/EasyPost/easypost-go/v5/webhook.go:158.65,160.5 1 0
github.com/EasyPost/easypost-go/v5/webhook.go:160.10,162.5 1 1
github.com/EasyPost/easypost-go/v5/webhook.go:163.9,165.4 1 1
github.com/EasyPost/easypost-go/v5/webhook.go:166.8,168.3 1 1
